2	000000000000000000000000000000000000000000000000000000000000000000000000000000000000000000000000000000000000000000000000474
87	0000000000000000000000000000000000000000000000000000000000000000000000000000000000000000000000000000000000000000299
7	00000000000000000000000000000000000000000000000000000000000000000000000000000000000000000000000000000000299
77	000000000000000000000000000000000000000000000000000000000000000000000000000000000000000000000000299
1	000000000000000000000000000000000000000000000000000000000000000000000000000000000000000000000000612
68	0000000000000000000000000000000000000000000000000000000000000000000000000000000000000000327
3	0000000000000000000000000000000000000000000000000000000000000000000000000000000000000000474
1	0000000000000000000000000000000000000000000000000000000000000000000000000000000000000000526
370	0000000000000000000000000000000000000000000000000000000000000000000000000000000000000111000001110000011100000111299
138	0000000000000000000000000000000000000000000000000000000000000000000000000000000000001111000011110000111100001111108
40	0000000000000000000000000000000000000000000000000000000000000000000000000000000000001111000011110000111100001111299
6	00000000000000000000000000000000000000000000000000000000000000000000000000000000299
117	00000000000000000000000000000000000000000000000000000000000000000000000000000000474
281	0000000000000000000000000000000000000000000000000000000000000000000000000000000065
6	000000000000000000000000000000000000000000000000000000000000000000000000000000010000000000000000299
6	00000000000000000000000000000000000000000000000000000000000000000000000000000001000000010000000100000001299
1	0000000000000000000000000000000000000000000000000000000000000000000000000000000165
12	000000000000000000000000000000000000000000000000000000000000000000000000000000100000000000000000299
1	00000000000000000000000000000000000000000000000000000000000000000000000000000010000000100000001000000010299
8	0000000000000000000000000000000000000000000000000000000000000000000000000000001065
12	000000000000000000000000000000000000000000000000000000000000000000000000000001000000000000000000299
3	00000000000000000000000000000000000000000000000000000000000000000000000000000100000001000000010000000100299
191	0000000000000000000000000000000000000000000000000000000000000000000000000000010065
5	0000000000000000000000000000000000000000000000000000000000000000000000000000010165
110	00000000000000000000000000000000000000000000000000000000000000000000000000000111000001110000011100000111299
13	000000000000000000000000000000000000000000000000000000000000000000000000000010000000000000000000299
1	0000000000000000000000000000000000000000000000000000000000000000000000000000100065
20	00000000000000000000000000000000000000000000000000000000000000000000000000001111000011110000111100001111299
388	0000000000000000000000000000000000000000000000000000000000000000000000000000111165
1	00000000000000000000000000000000000000000000000000000000000000000000000001100000299
78	000000000000000000000000000000000000000000000000000000000000000000000000224
1576	000000000000000000000000000000000000000000000000000000000000000000000000299
8	000000000000000000000000000000000000000000000000000000000000000000000000328
6	000000000000000000000000000000000000000000000000000000000000000000000000359
4	000000000000000000000000000000000000000000000000000000000000000000000000474
50	00000000000000000000000000000000000000000000000000000000000000000000000065
710	0000000000000000000000000000000000000000000000000000000000000000224
1198	0000000000000000000000000000000000000000000000000000000000000000299
14	0000000000000000000000000000000000000000000000000000000000000000328
15	0000000000000000000000000000000000000000000000000000000000000000474
40	00000000000000000000000000000000000000000000000000000000000000006
3	0000000000000000000000000000000000000000000000000000000000000000602
687	000000000000000000000000000000000000000000000000000000000000000065
2	00000000000000000000000000000000000000000000000000000000000000010000000000000000299
3	00000000000000000000000000000000000000000000000000000000000000100000000000000000299
3	0000000000000000000000000000000000000000000000000000000000000010299
2	00000000000000000000000000000000000000000000000000000000000001000000000000000000299
4	00000000000000000000000000000000000000000000000000000000000010000000000000000000299
1	0000000000000000000000000000000000000000000000000000000000001101299
113	00000000000000000000000000000000000000000000000000000000109
22	00000000000000000000000000000000000000000000000000000000266
527	00000000000000000000000000000000000000000000000000000000299
2	00000000000000000000000000000000000000000000000000000000474
1	000000000000000000000000000000000000000000000000000000006
483	00000000000000000000000000000000000000000000000000000000612
2	0000000000000000000000000000000000000000000000000000000065
460	0000000000000000000000000000000000000000000000000000000074
6	000000000000000000000000000000000000000000000000000000010000000000000000299
3	000000000000000000000000000000000000000000000000000000100000000000000000299
7	000000000000000000000000000000000000000000000000000001000000000000000000299
1	000000000000000000000000000000000000000000000000109
227	00000000000000000000000000000000000000000000000019
1336	000000000000000000000000000000000000000000000000222
2	000000000000000000000000000000000000000000000000266
2775	000000000000000000000000000000000000000000000000299
1	000000000000000000000000000000000000000000000000338
1	000000000000000000000000000000000000000000000000359
165	000000000000000000000000000000000000000000000000474
1	0000000000000000000000000000000000000000000000005
109	000000000000000000000000000000000000000000000000526
3786	0000000000000000000000000000000000000000000000006
114	000000000000000000000000000000000000000000000000602
548	000000000000000000000000000000000000000000000000612
1	000000000000000000000000000000000000000000000000642
711	00000000000000000000000000000000000000000000000065
102	0000000000000000000000000000000000000000000000010000000000000000299
124	000000000000000000000000000000000000000000000001000000010000000100000001299
1	00000000000000000000000000000000000000000000000100000001612
87	0000000000000000000000000000000000000000000000100000000000000000299
15	00000000000000000000000000000000000000000000001000000000266
132	000000000000000000000000000000000000000000000010000000100000001000000010299
4	000000000000000000000000000000000000000000000010299
24	0000000000000000000000000000000000000000000000110000000000000000299
7	000000000000000000000000000000000000000000000011000000110000001100000011299
17	000000000000000000000000000000000000000000000011299
102	0000000000000000000000000000000000000000000001000000000000000000299
12	00000000000000000000000000000000000000000000010000000000266
200	000000000000000000000000000000000000000000000100000001000000010000000100299
2	00000000000000000000000000000000000000000000010000000100612
1	000000000000000000000000000000000000000000000100299
183	0000000000000000000000000000000000000000000001010000000000000000299
82	000000000000000000000000000000000000000000000101000001010000010100000101299
72	00000000000000000000000000000000000000000000010100000101612
2	000000000000000000000000000000000000000000000101299
9	000000000000000000000000000000000000000000000101338
3	00000000000000000000000000000000000000000000010165
47	0000000000000000000000000000000000000000000001100000000000000000299
39	000000000000000000000000000000000000000000000110000001100000011000000110299
1	000000000000000000000000000000000000000000000110299
1363	0000000000000000000000000000000000000000000001110000000000000000299
87	000000000000000000000000000000000000000000000111000001110000011100000111299
4	00000000000000000000000000000000000000000000011100000111612
76	000000000000000000000000000000000000000000000111299
991	000000000000000000000000000000000000000000000111338
6	00000000000000000000000000000000000000000000011165
91	0000000000000000000000000000000000000000000010000000000000000000299
115	000000000000000000000000000000000000000000001000000010000000100000001000299
2	000000000000000000000000000000000000000000001000299
1	00000000000000000000000000000000000000000000100065
38	0000000000000000000000000000000000000000000010010000000000000000299
37	000000000000000000000000000000000000000000001001000010010000100100001001299
9	0000000000000000000000000000000000000000000010100000000000000000299
9	000000000000000000000000000000000000000000001010000010100000101000001010299
1	000000000000000000000000000000000000000000001010299
6	0000000000000000000000000000000000000000000010110000000000000000299
9	000000000000000000000000000000000000000000001011299
26	0000000000000000000000000000000000000000000011000000000000000000299
12	000000000000000000000000000000000000000000001100000011000000110000001100299
37	0000000000000000000000000000000000000000000011010000000000000000299
1	000000000000000000000000000000000000000000001101000011010000110100001101299
18	000000000000000000000000000000000000000000001101299
1	000000000000000000000000000000000000000000001101338
20	00000000000000000000000000000000000000000000110165
308	0000000000000000000000000000000000000000000011110000000000000000299
4	00000000000000000000000000000000000000000000111100000000266
274	000000000000000000000000000000000000000000001111000011110000111100001111299
275	00000000000000000000000000000000000000000000111100001111612
839	000000000000000000000000000000000000000000001111299
122	000000000000000000000000000000000000000000001111338
10	000000000000000000000000000000000000000019
2531	0000000000000000000000000000000000000000222
17217	0000000000000000000000000000000000000000299
72	0000000000000000000000000000000000000000326
95	0000000000000000000000000000000000000000338
1	0000000000000000000000000000000000000000348
102	0000000000000000000000000000000000000000359
4951	0000000000000000000000000000000000000000474
12	0000000000000000000000000000000000000000526
2	0000000000000000000000000000000000000000554
27	0000000000000000000000000000000000000000555
3602	00000000000000000000000000000000000000006
1881	0000000000000000000000000000000000000000602
21	0000000000000000000000000000000000000000612
4	0000000000000000000000000000000000000000642
6292	000000000000000000000000000000000000000065
176	00000000000000000000000000000000000000010000000000000000299
5	0000000000000000000000000000000000000001000000000000000074
2	0000000000000000000000000000000000000001000000000000000174
3	000000000000000000000000000000000000000100000000299
140	0000000000000000000000000000000000000001000000010000000100000001299
102	0000000000000000000000000000000000000001299
88	0000000000000000000000000000000000000001602
3	0000000000000000000000000000000000000010000000000000000000000000000000000000000065
168	00000000000000000000000000000000000000100000000000000000299
6	0000000000000000000000000000000000000010000000000000000074
3	0000000000000000000000000000000000000010000000000000001074
124	0000000000000000000000000000000000000010000000100000001000000010299
1	0000000000000000000000000000000000000010000000100000001000000010474
1	000000000000000000000000000000000000001000000010299
1	000000000000000000000000000000000000001000000010612
3	00000000000000000000000000000000000000100000001065
66	0000000000000000000000000000000000000010299
3	00000000000000000000000000000000000000106
33	0000000000000000000000000000000000000010602
2	00000000000000000000000000000000000000110000000000000000299
24	0000000000000000000000000000000000000011000000110000001100000011299
17	000000000000000000000000000000000000001100000011612
31	0000000000000000000000000000000000000100000000000000000000000000000000000000000065
187	00000000000000000000000000000000000001000000000000000000299
72	0000000000000000000000000000000000000100000000000000000074
59	0000000000000000000000000000000000000100000000000000010074
18	00000000000000000000000000000000000001000000000065
169	0000000000000000000000000000000000000100000001000000010000000100299
6	0000000000000000000000000000000000000100000001000000010000000100474
18	000000000000000000000000000000000000010000000100299
1	000000000000000000000000000000000000010000000111299
891	0000000000000000000000000000000000000100299
274	0000000000000000000000000000000000000100602
4	000000000000000000000000000000000000010065
34	00000000000000000000000000000000000001010000000000000000299
9	0000000000000000000000000000000000000101000000000000000074
34	0000000000000000000000000000000000000101000001010000010100000101299
1	0000000000000000000000000000000000000101000001010000010100000101474
2	000000000000000000000000000000000000010100000101612
1	00000000000000000000000000000000000001010000010165
1	000000000000000000000000000000000000010119
15	0000000000000000000000000000000000000101299
11	0000000000000000000000000000000000000101602
25	000000000000000000000000000000000000010165
47	0000000000000000000000000000000000000110000001100000011000000110299
1	000000000000000000000000000000000000011000000110612
2	00000000000000000000000000000000000001110000000000000000299
30	000000000000000000000000000000000000011100000111000001110000011100000000328
197	0000000000000000000000000000000000000111000001110000011100000111299
1	0000000000000000000000000000000000000111000001110000011100000111474
1	000000000000000000000000000000000000011100000111299
73	000000000000000000000000000000000000011100000111612
6	0000000000000000000000000000000000000111299
50	0000000000000000000000000000000000000111338
1	0000000000000000000000000000000000000111602
3	000000000000000000000000000000000000011165
157	00000000000000000000000000000000000010000000000000000000299
6	0000000000000000000000000000000000001000000000000000000074
2	0000000000000000000000000000000000001000000000000000100074
136	0000000000000000000000000000000000001000000010000000100000001000299
1	000000000000000000000000000000000000100000001000299
1	000000000000000000000000000000000000100000001000612
1	000000000000000000000000000000000000100019
42	0000000000000000000000000000000000001000299
1	0000000000000000000000000000000000001000578
1	00000000000000000000000000000000000010006
19	0000000000000000000000000000000000001000602
1	000000000000000000000000000000000000100065
38	0000000000000000000000000000000000001001000010010000100100001001299
6	00000000000000000000000000000000000010100000000000000000299
9	0000000000000000000000000000000000001010000010100000101000001010299
1	000000000000000000000000000000000000101000001010612
9	000000000000000000000000000000000000101100001011612
1	00000000000000000000000000000000000011000000000000000000299
26	0000000000000000000000000000000000001100000011000000110000001100299
3	00000000000000000000000000000000000011010000000000000000299
1	0000000000000000000000000000000000001101000011010000110100001101299
1	00000000000000000000000000000000000011010000110165
1	00000000000000000000000000000000000011016
60	0000000000000000000000000000000000001111000000000000000000000000000000000000000065
55	00000000000000000000000000000000000011110000000000000000299
37	0000000000000000000000000000000000001111000000000000000074
125	0000000000000000000000000000000000001111000000000000111174
32	00000000000000000000000000000000000011110000000065
10	000000000000000000000000000000000000111100001111000011110000111100000000328
144	0000000000000000000000000000000000001111000011110000111100001111299
217	000000000000000000000000000000000000111100001111299
651	000000000000000000000000000000000000111100001111612
3087	0000000000000000000000000000000000001111299
3	0000000000000000000000000000000000001111578
1	00000000000000000000000000000000000011116
567	0000000000000000000000000000000000001111602
50	0000000000000000000000000000000000001111612
27	000000000000000000000000000000000000111165
1	0000000000000000000000000000000001100000299
2	000000000000000000000000000000000110000065
323	00000000000000000000000000000000108
2	0000000000000000000000000000000019
1046	00000000000000000000000000000000224
5	00000000000000000000000000000000266
73176	00000000000000000000000000000000299
10	00000000000000000000000000000000348
5177	00000000000000000000000000000000474
20	00000000000000000000000000000000526
1170	000000000000000000000000000000006
2	0000000000000000000000000000000060
8	00000000000000000000000000000000602
112	00000000000000000000000000000000612
1	00000000000000000000000000000000642
10519	0000000000000000000000000000000065
2	000000000000000000000000109
55	000000000000000000000000266
59656	000000000000000000000000299
129	000000000000000000000000326
50	000000000000000000000000327
22	000000000000000000000000328
253	000000000000000000000000334
204	000000000000000000000000338
1	000000000000000000000000526
284	000000000000000000000000555
2	000000000000000000000000571
195	000000000000000000000000575
54	000000000000000000000000581
51	0000000000000000000000006
3	000000000000000000000000612
39	000000000000000000000000642
347	00000000000000000000000065
3	00000000000000000000000074
76	000000000000000000000001000000010000000100000001299
31	0000000000000000000000100000000000000000299
57	000000000000000000000010000000100000001000000010299
64	0000000000000000000001000000000000000000299
81	000000000000000000000100000001000000010000000100299
36	00000000000000000000010065
37	0000000000000000000001010000000000000000299
47	000000000000000000000101000001010000010100000101299
37	000000000000000000000110000001100000011000000110299
589	000000000000000000000111000001110000011100000111299
34	000000000000000000001000000010000000100000001000299
3	000000000000000000001001000010010000100100001001299
6	000000000000000000001010000010100000101000001010299
10	000000000000000000001100000011000000110000001100299
58	000000000000000000001101000011010000110100001101299
3	000000000000000000001110000011100000111000001110299
390	0000000000000000000011110000000000000000299
925	000000000000000000001111000011110000111100001111299
334	00000000000000000000111165
2	000000000000000001100000011000000110000001100000299
1	0000000000000000011000000110000001100000011000006
446	000000000000000019
309	0000000000000000222
19928	0000000000000000266
17791	0000000000000000299
3697	0000000000000000334
4724	0000000000000000338
25	0000000000000000342
620	0000000000000000359
54	00000000000000005
6694	0000000000000000526
90	0000000000000000532
16	0000000000000000556
275	0000000000000000578
781	0000000000000000580
4	0000000000000000597
715	0000000000000000598
3463	00000000000000006
900	0000000000000000602
24618	0000000000000000612
66	0000000000000000639
2230	0000000000000000642
7323	000000000000000065
97	000000000000000068
98	00000000000000010000000000000000299
97	000000000000000100000000299
104	0000000000000001000000010000000100000001299
121	0000000000000001000000010000000100000001474
96	000000000000000100000001000000010000000165
7	00000000000000010000000100000001299
2	0000000000000001299
1	0000000000000001359
171	0000000000000001526
41	00000000000000100000000000000000299
80	000000000000001000000000299
3	000000000000001000000001299
15	000000000000001000000010000000100000001000000000526
38	0000000000000010000000100000001000000010222
111	0000000000000010000000100000001000000010299
84	0000000000000010000000100000001000000010474
3	0000000000000010000000100000001000000010602
80	000000000000001000000010000000100000001065
19	00000000000000100000001000000010299
3	000000000000001000000100299
1	000000000000001019
9	0000000000000010266
11	0000000000000010299
1	0000000000000010338
7	0000000000000010359
48	0000000000000010526
3	0000000000000010578
2	0000000000000010580
3	0000000000000010602
1	0000000000000010612
9	000000000000001065
8	000000000000001100000000299
44	0000000000000011000000110000001100000011299
24	000000000000001100000011000000110000001165
17	0000000000000011299
2	0000000000000011359
5	0000000000000011526
7	000000000000001165
124	00000000000001000000000000000000299
584	000000000000010000000000299
12	000000000000010000000100000001000000010000000000526
1636	0000000000000100000001000000010000000100000001000000000065
1	0000000000000100000001000000010000000100000001000000000165
34	0000000000000100000001000000010000000100000001000000001065
1	0000000000000100000001000000010000000100000001000000001165
2	0000000000000100000001000000010000000100000001000000010065
3	0000000000000100000001000000010000000100000001000000010165
1	0000000000000100000001000000010000000100000001000000011065
3	0000000000000100000001000000010000000100000001000000011165
1	0000000000000100000001000000010000000100000001000000100065
1	0000000000000100000001000000010000000100000001000000101165
2	0000000000000100000001000000010000000100000001000000110065
8	0000000000000100000001000000010000000100000001000000111165
302	0000000000000100000001000000010000000100299
148	0000000000000100000001000000010000000100474
175	000000000000010000000100000001000000010065
18	00000000000001000000010000000100299
35	0000000000000100266
8	0000000000000100299
31	0000000000000100359
152	0000000000000100526
1	0000000000000100578
1	0000000000000100580
1	00000000000001006
2	000000000000010065
36	00000000000001010000000000000000299
721	000000000000010100000000299
3	000000000000010100000101000001010000010100000000602
3	000000000000010100000101000001010000010100000101602
59	0000000000000101000001010000010100000101299
11	0000000000000101000001010000010100000101474
3	000000000000010100000101000001010000010165
28	000000000000010119
26	0000000000000101266
27	0000000000000101299
28	0000000000000101338
55	0000000000000101526
2	00000000000001016
1	0000000000000101602
26	0000000000000101612
2	000000000000010165
276	000000000000011000000000299
9	0000000000000110000001100000011000000110000001000000011165
12	0000000000000110000001100000011000000110000001000000111165
94	0000000000000110000001100000011000000110299
47	000000000000011000000110000001100000011065
1	0000000000000110299
6	000000000000011065
18	000000000000011100000000299
1410	000000000000011100000111000001110000011100000000222
115	0000000000000111000001110000011100000111222
4	0000000000000111000001110000011100000111299
32	0000000000000111000001110000011100000111474
2	000000000000011100000111000001110000011165
3	000000000000011119
3	0000000000000111266
77	0000000000000111299
3	0000000000000111338
2053	0000000000000111526
1	00000000000001116
3	0000000000000111612
32	000000000000011165
35	00000000000010000000000000000000299
90	000000000000100000000000299
1	00000000000010000000100000001000000010000000100065
103	0000000000001000000010000000100000001000299
29	0000000000001000000010000000100000001000474
79	000000000000100000001000000010000000100065
22	00000000000010000000100000001000299
1	000000000000100000001000359
1	000000000000100000001000612
1	0000000000001000266
30	0000000000001000299
1	0000000000001000359
693	0000000000001000526
1	00000000000010006
43	000000000000100065
18	000000000000100100000000299
75	0000000000001001000010010000100100001001299
38	000000000000100100001001000010010000100165
1	0000000000001001526
3	000000000000100165
6	000000000000101000000000299
6	0000000000001010000010100000101000001010299
3	000000000000101000001010000010100000101065
1	0000000000001010299
6	0000000000001010526
3	000000000000101065
9	0000000000001011299
5	000000000000101165
262	000000000000110000000000299
50	0000000000001100000011000000110000001100299
26	000000000000110000001100000011000000110065
2	0000000000001100526
22	000000000000110065
4	000000000000110100000000299
3	000000000000110100001101000011010000110100000000222
1	0000000000001101000011010000110100001101299
3	0000000000001101000011010000110100001101602
1	000000000000110100001101000011010000110165
1	0000000000001101266
30	0000000000001101526
1	0000000000001101602
1	0000000000001101612
5	000000000000110165
62	00000000000011110000000000000000299
472	000000000000111100000000299
30	000000000000111100001111000011110000111100000000222
4	000000000000111100001111000011110000111100000000526
2	00000000000011110000111100001111000011110000111165
635	0000000000001111000011110000111100001111299
345	0000000000001111000011110000111100001111474
1	000000000000111100001111359
63	0000000000001111266
651	0000000000001111299
63	0000000000001111359
1079	0000000000001111526
1	00000000000011116
13	0000000000001111612
773	000000000000111165
16	000000000001000065
2	0000000001100000011000000110000001100000299
2	0000000001100000266
1	0000000001100000299
3	00000000011000006
1	0000000001100000602
1	0000000001100000639
1	0000000001100000642
2	000000001000000010000000100000001000000065
343	00000000108
5008	0000000019
1379	00000000224
21668	00000000299
186	00000000334
18408	00000000338
409	00000000348
683	00000000359
22388	00000000526
278	00000000554
91	00000000562
321	00000000567
183	00000000571
1822	00000000575
3451	00000000578
2544	00000000580
17789	000000006
1185	00000000602
4189	00000000612
3	00000000642
21069	0000000065
1	00000001000000000000000000000000000000000000000065
58	0000000100000000000000000000000000000000222
6	000000010000000000000000000000000000000065
1267	000000010000000000000000299
10	000000010000000000000111299
39	000000010000000000001111299
128	0000000100000000266
203	0000000100000000299
1	0000000100000000338
6	00000001000000006
23	000000010000000100000000299
10	0000000100000001000000010000000100000000000000000000000074
9	000000010000000100000001000000010000000000000000299
13	0000000100000001000000010000000100000000299
17	0000000100000001000000010000000100000001000000000000000074
1	000000010000000100000001000000010000000100000000299
1	000000010000000100000001000000010000000100000101299
1	000000010000000100000001000000010000000100000111299
2	000000010000000100000001000000010000000100001111299
21	0000000100000001000000010000000100000001108
143	0000000100000001000000010000000100000001224
66	0000000100000001000000010000000100000001299
54	000000010000000100000001000000010000000165
14	0000000100000001000000010000000100000010299
7	000000010000000100000001000000010000001065
9	0000000100000001000000010000000100000011108
1	0000000100000001000000010000000100000011224
9	000000010000000100000001000000010000001165
16	0000000100000001000000010000000100000100000000000000010074
36	0000000100000001000000010000000100000101108
66	0000000100000001000000010000000100000101299
79	000000010000000100000001000000010000010165
2	0000000100000001000000010000000100000111108
2	000000010000000100000001000000010000011165
5	0000000100000001000000010000000100001001108
1	0000000100000001000000010000000100001001224
5	000000010000000100000001000000010000100165
6	0000000100000001000000010000000100001010299
6	000000010000000100000001000000010000101065
1	0000000100000001000000010000000100001101108
1	0000000100000001000000010000000100001101224
4	0000000100000001000000010000000100001101299
3	000000010000000100000001000000010000110165
45	0000000100000001000000010000000100001111000000000000111174
74	0000000100000001000000010000000100001111108
24	0000000100000001000000010000000100001111224
54	0000000100000001000000010000000100001111299
95	000000010000000100000001000000010000111165
3395	00000001000000010000000100000001299
122	00000001000000010000000100000001474
259	0000000100000001000000010000000165
2	000000010000000100000011299
2	000000010000000100000101108
3	000000010000000100000101224
5	000000010000000100000101334
4	00000001000000010000011065
1	000000010000000100000111299
8	00000001000000010000110165
42	000000010000000100001111299
6	00000001000000010000111165
6	0000000100000001266
14	0000000100000001338
212	0000000100000001612
2	0000000100000001642
6	000000010000000165
11	000000010000001000000000299
2	000000010000001065
1	000000010000001100000000299
4	0000000100000011299
5	000000010000001165
83	000000010000010000000000299
2	000000010000010000000111299
1	000000010000010000001111299
8	000000010000010100000000299
1	000000010000010100000001299
2	000000010000010100000011299
2	000000010000011000000000299
1	000000010000011100000000299
3	0000000100000111000001110000011100000111222
24	000000010000011165
27	000000010000100000000000299
3	000000010000100100000000299
3	000000010000100165
1	000000010000110000000000299
51	000000010000111100000000299
10	000000010000111100001111299
174	000000010000111165
7	0000000119
300	00000001299
1	00000001338
7	00000001348
217	00000001526
1	00000001571
1	00000001578
1	00000001580
132	000000016
103	00000001602
104	00000001612
15	0000000165
1	00000010000000000000000000000000000000000000000065
8	0000001000000000000000000000000000000000222
3	00000010000000000000000000000000000000006
3	0000001000000000000000000000000000000000602
1	000000100000000000000000000000000000000065
1045	000000100000000000000000299
1	000000100000000000000000338
10	000000100000000000000011299
6	000000100000000000000111299
30	000000100000000000001111299
137	0000001000000000266
119	0000001000000000299
20	0000001000000000338
1	0000001000000000342
2	0000001000000000359
4	0000001000000000580
14	00000010000000006
12	000000100000000065
24	000000100000000100000000299
3	000000100000000100001111299
1	00000010000000100000000000000000299
2	000000100000001000000000299
12	000000100000001000000000338
9	000000100000001000000000556
8	0000001000000010000000100000001000000000000000000000000074
63	000000100000001000000010000000100000000000000000299
23	0000001000000010000000100000001000000000299
3	00000010000000100000001000000010000000006
8	0000001000000010000000100000001000000001000000000000000074
1	0000001000000010000000100000001000000001000000000000000174
1	0000001000000010000000100000001000000001299
6	0000001000000010000000100000001000000010000000000000000074
1	0000001000000010000000100000001000000010000000000000001074
4	0000001000000010000000100000001000000010299
2	000000100000001000000010000000100000001065
2	0000001000000010000000100000001000000011299
4	0000001000000010000000100000001000000100000000000000000074
4	0000001000000010000000100000001000000100000000000000010074
38	0000001000000010000000100000001000000100299
19	000000100000001000000010000000100000010065
17	0000001000000010000000100000001000000101299
17	000000100000001000000010000000100000010165
6	0000001000000010000000100000001000001010108
6	000000100000001000000010000000100000101065
1	0000001000000010000000100000001000001111000000000000111174
2	00000010000000100000001000000010000011110000111165
4	0000001000000010000000100000001000001111108
3	0000001000000010000000100000001000001111224
64	0000001000000010000000100000001000001111299
45	000000100000001000000010000000100000111165
1914	00000010000000100000001000000010299
96	00000010000000100000001000000010474
225	0000001000000010000000100000001065
3	000000100000001000000011299
8	00000010000000100000011065
3	000000100000001000000111299
4	00000010000000100000011165
12	00000010000000100000110165
11	000000100000001000001111299
12	00000010000000100000111165
5	0000001000000010222
20	0000001000000010266
29	0000001000000010338
1	0000001000000010359
1	00000010000000106
4	0000001000000010602
197	0000001000000010612
54	0000001000000010642
13	000000100000001065
4	000000100000001100000000299
13	0000001000000011299
13	000000100000001165
41	000000100000010000000000299
1	000000100000010000000010299
2	000000100000010000000111299
1	000000100000010000001111299
11	000000100000010100000000299
1	000000100000010100000111299
2	000000100000010100001111299
2	00000010000001100000011065
2	00000010000001100000110165
43	0000001000000110338
5	000000100000011100000000299
7	0000001000000111299
11	0000001000000111338
13	000000100000011165
14	000000100000100000000000299
3	000000100000100000000001299
6	000000100000101065
1	000000100000101165
2	000000100000111100000000299
21	000000100000111100001111299
150	000000100000111165
23	0000001019
3	00000010224
234	00000010299
8	00000010338
16	00000010348
3	00000010359
135	00000010526
9	00000010571
8	00000010578
15	00000010580
138	000000106
93	00000010602
93	00000010612
59	0000001065
7	00000011000000000000000000000000000000000000000065
10	00000011000000000000000000000000000000000000010065
1	0000001100000000000000000000000000000000222
319	000000110000000000000000299
5	000000110000000000001111299
71	0000001100000000266
44	0000001100000000299
6	00000011000000006
5	000000110000000100000000299
17	000000110000000100001111299
9	000000110000001000000000299
2	0000001100000010266
2	000000110000001100000000299
8	000000110000001100000011000000110000000000000000299
10	0000001100000011000000110000001100000000299
1	000000110000001100000011000000110000000100000011299
112	0000001100000011000000110000001100000001299
1	0000001100000011000000110000001100000010224
59	0000001100000011000000110000001100000010299
9	000000110000001100000011000000110000001065
23	0000001100000011000000110000001100000011299
10	000000110000001100000011000000110000010000000000299
3	000000110000001100000011000000110000010000000111299
15	0000001100000011000000110000001100000100299
1	000000110000001100000011000000110000010100000011299
2	0000001100000011000000110000001100000110299
36	0000001100000011000000110000001100000111299
2	000000110000001100000011000000110000100000001011299
6	0000001100000011000000110000001100001000299
20	0000001100000011000000110000001100001001299
8	0000001100000011000000110000001100001010299
10	0000001100000011000000110000001100001011299
18	0000001100000011000000110000001100001100299
42	0000001100000011000000110000001100001111299
2	000000110000001100000011000000110000111165
310	00000011000000110000001100000011299
22	0000001100000011000000110000001165
34	0000001100000011612
29	0000001100000011642
2	0000001100000100000001000000010000000100000001000000011165
4	0000001100000100000001000000010000000100000001000000111165
1	00000011000001000000010000000100000001006
1	00000011000001006
2	000000110000111100001111299
1	0000001100001111299
48	000000110000111165
10	00000011011000000110000001100000011000000000000065
2	00000011011000000110000001100000011000000000000165
3	00000011011000000110000001100000011000000000001065
2	00000011011000000110000001100000011000000000010165
34	0000001119
109	00000011299
2	00000011338
17	00000011348
2	00000011571
2	00000011578
24	00000011580
1	000000116
48	00000011602
90	00000011612
34	0000001165
245	0000010000000000000000000000000000000000222
61	00000100000000000000000000000000000000006
93	000001000000000000000000000000000000000065
4581	000001000000000000000000299
45	000001000000000000001111299
2359	0000010000000000266
422	0000010000000000299
2	0000010000000000338
2	0000010000000000359
1	0000010000000000580
12	00000100000000006
1	0000010000000000602
1	000001000000000065
24	000001000000000100000000299
1	000001000000000100000101299
1	000001000000000100001111299
45	000001000000001000000000299
4	0000010000000010000000100000001000000010222
1	000001000000001000000010299
1	000001000000001000000111299
2	000001000000001000001111299
35	0000010000000010266
2	0000010000000010299
5	000001000000001100000000299
27	000001000000010000000000299
2	000001000000010000000000338
100	0000010000000100000001000000010000000000000000000000000074
57	000001000000010000000100000001000000000000000000299
54	0000010000000100000001000000010000000000299
12	000001000000010000000100000001000000000065
19	0000010000000100000001000000010000000001000000000000000074
4	0000010000000100000001000000010000000010000000000000000074
3	0000010000000100000001000000010000000010000000000000001074
19	0000010000000100000001000000010000000100000000000000000074
73	0000010000000100000001000000010000000100000000000000010074
22	000001000000010000000100000001000000010000000000299
6	00000100000001000000010000000100000001000000000065
2	000001000000010000000100000001000000010000000010299
1	00000100000001000000010000000100000001000000001065
1	000001000000010000000100000001000000010000001111299
1713	0000010000000100000001000000010000000100224
780	0000010000000100000001000000010000000100299
90	00000100000001000000010000000100000001006
80	000001000000010000000100000001000000010065
18	0000010000000100000001000000010000000101108
35	0000010000000100000001000000010000000101299
37	000001000000010000000100000001000000010165
37	0000010000000100000001000000010000000110108
37	0000010000000100000001000000010000000110299
40	000001000000010000000100000001000000011065
5	0000010000000100000001000000010000000111108
8	0000010000000100000001000000010000000111299
5	000001000000010000000100000001000000011165
5	0000010000000100000001000000010000001000000000000000000074
2	0000010000000100000001000000010000001000299
1	000001000000010000000100000001000000100065
2	0000010000000100000001000000010000001010299
1	000001000000010000000100000001000000101065
10	0000010000000100000001000000010000001100108
10	0000010000000100000001000000010000001100299
10	000001000000010000000100000001000000110065
34	0000010000000100000001000000010000001101108
34	0000010000000100000001000000010000001101299
34	000001000000010000000100000001000000110165
3	0000010000000100000001000000010000001110108
3	0000010000000100000001000000010000001110299
3	000001000000010000000100000001000000111065
37	0000010000000100000001000000010000001111000000000000000074
14	0000010000000100000001000000010000001111000000000000111174
18	00000100000001000000010000000100000011110000000065
32	0000010000000100000001000000010000001111108
31	0000010000000100000001000000010000001111224
18	0000010000000100000001000000010000001111299
45	000001000000010000000100000001000000111165
90	00000100000001000000010000000100108
15528	00000100000001000000010000000100299
507	00000100000001000000010000000100474
485	0000010000000100000001000000010065
1	000001000000010000000100108
1	000001000000010000000100224
2	000001000000010000000100334
30	0000010000000100000001006
1	000001000000010000000101108
1	000001000000010000000101224
1	000001000000010000000101299
2	000001000000010000000101334
9	00000100000001000000011065
18	000001000000010000000111299
10	00000100000001000000011165
14	00000100000001000000110165
28	000001000000010000001111299
8	00000100000001000000111165
43	0000010000000100266
31	0000010000000100299
52	0000010000000100338
1099	0000010000000100612
43	0000010000000100642
195	000001000000010065
20	000001000000010100000000299
2	000001000000010100001111299
9	0000010000000101266
37	000001000000011000000000299
90	0000010000000110266
27	000001000000011100000000299
161	0000010000000111000001110000011100000111222
1	0000010000000111266
5	0000010000000111299
28	000001000000011165
11	000001000000100000000000299
34	000001000000100100000000299
3	000001000000101000000000299
10	000001000000110000000000299
23	000001000000110065
1	000001000000110100000000299
1	0000010000001101000011010000110100001101222
2	0000010000001101266
28	000001000000111100000000299
7	000001000000111100001111299
18	0000010000001111266
209	000001000000111165
46	0000010019
31	00000100224
931	00000100299
18	00000100334
31	00000100338
12	00000100348
2	00000100359
601	00000100526
150	00000100567
31	00000100571
31	00000100578
36	00000100580
853	000001006
133	00000100602
159	00000100612
145	0000010065
6	0000010100000000000000000000000000000000222
1	0000010100000000000000000000000000000000602
2	000001010000000000000000000000000000000065
1	0000010100000000000000000000001000000000299
1241	000001010000000000000000299
28	000001010000000000000000338
2	0000010100000000000001000000010000000000299
2	000001010000000000000100299
1	000001010000000000000111299
2	000001010000000000001000299
2	000001010000000000001111299
24	0000010100000000266
121	0000010100000000299
80	0000010100000000338
28	0000010100000000342
2	00000101000000006
4	0000010100000000612
2	000001010000000065
2	000001010000000100000000299
2	000001010000000100000001000000010000000165
2	000001010000001000000000299
1	000001010000001000000111299
2	000001010000001000001111299
1	00000101000000110000011065
1	00000101000000110000011165
1	00000101000000110000110165
1	000001010000010000000000299
1	000001010000010000000000338
2	000001010000010000000000556
2	0000010100000100000001000000010000000100000001016
30	00000101000001000000010000000100000001006
9	00000101000001006
28	00000101000001010000000000000000299
52	000001010000010100000000299
79	000001010000010100000000338
5	0000010100000101000001010000010100000000000000000000000074
73	000001010000010100000101000001010000000000000000299
1	000001010000010100000101000001010000000000001000299
2	000001010000010100000101000001010000000019
50	0000010100000101000001010000010100000000299
1	0000010100000101000001010000010100000000359
22	000001010000010100000101000001010000000065
1	0000010100000101000001010000010100000001000000000000000174
49	000001010000010100000101000001010000000100000000299
1	000001010000010100000101000001010000000100000101299
51	000001010000010100000101000001010000000100001111299
1	0000010100000101000001010000010100000001108
122	0000010100000101000001010000010100000001299
18	000001010000010100000101000001010000000165
3	0000010100000101000001010000010100000010000000000000001074
1	000001010000010100000101000001010000001019
1	0000010100000101000001010000010100000100000000000000010074
1328	000001010000010100000101000001010000010000000000299
20	00000101000001010000010100000101000001000000000065
24	000001010000010100000101000001010000010000000100299
156	000001010000010100000101000001010000010000000111299
3	000001010000010100000101000001010000010000001101299
30	000001010000010100000101000001010000010000001111299
4	000001010000010100000101000001010000010019
938	0000010100000101000001010000010100000100299
41	000001010000010100000101000001010000010065
3	00000101000001010000010100000101000001010000010065
8	0000010100000101000001010000010100000101108
29	0000010100000101000001010000010100000101224
168	0000010100000101000001010000010100000101299
2	00000101000001010000010100000101000001016
22	000001010000010100000101000001010000010165
1	0000010100000101000001010000010100000111000000000000011174
1	0000010100000101000001010000010100001101108
1	000001010000010100000101000001010000110165
232	0000010100000101000001010000010100001111108
230	0000010100000101000001010000010100001111224
373	0000010100000101000001010000010100001111299
298	000001010000010100000101000001010000111165
11	00000101000001010000010100000101108
1997	00000101000001010000010100000101299
13	00000101000001010000010100000101474
143	0000010100000101000001010000010165
903	000001010000010100000111338
283	000001010000010100001111338
28	0000010100000101266
10	0000010100000101338
4	0000010100000101359
30	00000101000001016
31	0000010100000101602
338	0000010100000101612
34	0000010100000101642
10	000001010000011000000000299
6	000001010000011100000011338
1	0000010100000111000001110000011100000111222
150	000001010000011100000111338
1	0000010100000111299
2	000001010000011165
13	000001010000100000000000299
1	000001010000110100000000299
3	000001010000110100001100338
1	000001010000110165
38	000001010000111100000000299
30	000001010000111100001111338
1	0000010100001111299
1	0000010100001111338
21	00000101000011116
10	000001010000111165
2	0000010119
3	00000101224
162	00000101299
102	00000101338
28	00000101348
2	00000101359
25	00000101526
4	00000101554
9	00000101567
48	00000101571
1	00000101575
2	00000101578
60	00000101580
125	000001016
8	00000101602
15	00000101612
173	0000010165
41	0000011000000000000000000000000000000000222
1042	000001100000000000000000299
39	000001100000000000001111299
179	0000011000000000266
98	0000011000000000299
19	00000110000000006
10	000001100000000100000000299
37	000001100000000100000001000000010000000165
1	000001100000000100000111299
7	000001100000000100001111299
2	000001100000001000000000299
1	0000011000000010000000100000001000000010222
19	000001100000010000000000299
90	0000011000000100000001000000010000000100000001006
37	0000011000000100000001000000010000000100000001106
3	00000110000001000000011165
1	000001100000011000000110000001100000001000000000299
1	000001100000011000000110000001100000001000001111299
1	0000011000000110000001100000011000000010108
110	0000011000000110000001100000011000000010299
1	000001100000011000000110000001100000001065
2	0000011000000110000001100000011000000011299
10	000001100000011000000110000001100000010000000000299
27	00000110000001100000011000000110000001000000000065
31	000001100000011000000110000001100000010000000100299
1254	000001100000011000000110000001100000010000000111299
406	0000011000000110000001100000011000000100299
21	0000011000000110000001100000011000000101299
34	0000011000000110000001100000011000000110224
182	0000011000000110000001100000011000000110299
37	000001100000011000000110000001100000011065
11	0000011000000110000001100000011000000111299
10	0000011000000110000001100000011000001100299
34	0000011000000110000001100000011000001101299
3	0000011000000110000001100000011000001110299
36	0000011000000110000001100000011000001111299
1087	00000110000001100000011000000110299
121	0000011000000110000001100000011065
90	0000011000000110338
86	0000011000000110612
37	000001100000011065
27	000001100000011100000000338
50	0000011000000111000001110000011100000111222
915	000001100000011100000111338
1	0000011000000111299
8	000001100000011165
1	000001100000100000000000299
13	000001100000111065
90	00000110000011116
126	000001100000111165
52	00000110299
1	00000110526
1	00000110567
37	00000110575
1	00000110580
48	00000110602
49	00000110612
60	00000111000000000000000000000000000000000000000065
116	0000011100000000000000000000000000000000222
5997	000001110000000000000000299
30	000001110000000000000000328
3	000001110000000000000000338
17	000001110000000000000111299
3	000001110000000000001000299
2713	0000011100000000266
3	0000011100000000299
9	0000011100000000338
3	0000011100000000342
17	000001110000000100000000299
7	000001110000000100000001000000010000000165
4	000001110000001000000000299
4	0000011100000010000000100000001000000010222
24	000001110000001100000000299
1	0000011100000011338
64	000001110000010000000000299
60	0000011100000100000001000000010000000100000001000000000065
47	0000011100000100000001000000010000000100000001000000000165
7	0000011100000100000001000000010000000100000001000000001065
97	0000011100000100000001000000010000000100000001000000010065
30	0000011100000100000001000000010000000100000001000000011065
1	0000011100000100000001000000010000000100000001000000100065
150	0000011100000100000001000000010000000100000001000000111165
5	0000011100000100000001000000010000000100000001116
1	0000011100000100266
1	0000011100000100580
9	000001110000010100000000299
17	000001110000010100000000338
1	00000111000001016
25	000001110000011000000000299
306	0000011100000110000001100000011000000110000001000000011165
303	0000011100000110000001100000011000000110000001000000111165
3	00000111000001110000000000000000299
12	000001110000011100000000299
12	000001110000011100000000338
1	0000011100000111000001110000011100000000000000000000000074
19	000001110000011100000111000001110000000000000000299
1	000001110000011100000111000001110000000000000011299
1	000001110000011100000111000001110000000000000100299
20	000001110000011100000111000001110000000000000111299
10	000001110000011100000111000001110000000000001011299
13	000001110000011100000111000001110000000000001111299
1	00000111000001110000011100000111000000000000111165
2287	0000011100000111000001110000011100000000299
1	000001110000011100000111000001110000000100000000299
1	000001110000011100000111000001110000000100000011299
2	000001110000011100000111000001110000000100000111299
1	000001110000011100000111000001110000000100001101299
11	000001110000011100000111000001110000000100001111299
20	0000011100000111000001110000011100000001299
1	000001110000011100000111000001110000001000000000299
2	000001110000011100000111000001110000001000000011299
2	000001110000011100000111000001110000001000000111299
2	000001110000011100000111000001110000001000001111299
20	0000011100000111000001110000011100000010299
17	0000011100000111000001110000011100000011299
5	000001110000011100000111000001110000001165
21	000001110000011100000111000001110000010000000000299
3	00000111000001110000011100000111000001000000000065
1	000001110000011100000111000001110000010000000010299
3	00000111000001110000011100000111000001000000001065
5	000001110000011100000111000001110000010000000100299
5	000001110000011100000111000001110000010000000110299
257	000001110000011100000111000001110000010000000111299
50	0000011100000111000001110000011100000100299
4	000001110000011100000111000001110000010065
1	000001110000011100000111000001110000010100000001299
1	000001110000011100000111000001110000010100000011299
1	000001110000011100000111000001110000010100000111299
1	000001110000011100000111000001110000010100001111299
7	0000011100000111000001110000011100000101299
6	0000011100000111000001110000011100000110299
2	000001110000011100000111000001110000011065
1	000001110000011100000111000001110000011100000101299
259	000001110000011100000111000001110000011100000111299
1	000001110000011100000111000001110000011119
153	0000011100000111000001110000011100000111222
110	0000011100000111000001110000011100000111299
247	00000111000001110000011100000111000001116
1	000001110000011100000111000001110000100000001011299
2	000001110000011100000111000001110000100000001111299
1	000001110000011100000111000001110000100019
8	0000011100000111000001110000011100001000299
2	0000011100000111000001110000011100001001299
6	000001110000011100000111000001110000101100001111299
20	0000011100000111000001110000011100001011299
17	000001110000011100000111000001110000110100001111299
35	0000011100000111000001110000011100001101299
4	000001110000011100000111000001110000111100001111299
1	000001110000011100000111000001110000111119
181	0000011100000111000001110000011100001111299
2	000001110000011100000111000001110000111165
1	00000111000001110000011100000111108
16	00000111000001110000011100000111224
2845	00000111000001110000011100000111299
20	00000111000001110000011100000111474
39	0000011100000111000001110000011165
1	000001110000011100000111299
300	000001110000011100000111338
1	000001110000011100000111612
3	0000011100000111222
4	0000011100000111266
26	0000011100000111338
3	0000011100000111359
12	0000011100000111532
247	00000111000001116
246	0000011100000111602
910	0000011100000111612
79	0000011100000111642
31	000001110000011165
64	000001110000100100000000299
24	0000011100001011338
1	000001110000110100000000299
9	000001110000111100000000299
2	000001110000111100001111299
1	000001110000111100001111612
12	0000011100001111338
11	000001110000111165
25	00000111011000000110000001100000011000000000000065
1	00000111011000000110000001100000011000000000000165
4	00000111011000000110000001100000011000000000001065
8	00000111011000000110000001100000011000000000010065
1	00000111011000000110000001100000011000000000010165
1	00000111011001116
1	000001110110111165
342	0000011119
1	00000111224
746	00000111299
1713	00000111338
63	00000111348
2	00000111359
30	00000111526
486	00000111554
1	00000111562
157	00000111571
7	00000111575
247	00000111578
342	00000111580
1026	000001116
112	00000111602
786	00000111612
3091	0000011165
2	00001000000000000000000000000000000000000000000065
2	0000100000000000000000000000000000000000222
1	00001000000000000000000000000000000000006
1273	000010000000000000000000299
2	000010000000000000001000299
49	000010000000000000001111299
145	0000100000000000266
85	0000100000000000299
11	0000100000000000338
11	00001000000000006
2	0000100000000000602
26	000010000000000065
24	000010000000000100000000299
5	000010000000000100001111299
1	000010000000001000000000299
1	000010000000001000000101299
41	000010000000010000000000299
1	000010000000010000000101299
2	000010000000010000000111299
1	000010000000010000001111299
28	000010000000010100000000299
3	000010000000010100001111299
6	000010000000100000000000299
1	000010000000100000000101299
8	00001000000010000000011065
5	0000100000001000000010000000100000000000000000000000000074
29	000010000000100000001000000010000000000000000000299
2	000010000000100000001000000010000000000000000010299
1	000010000000100000001000000010000000000000000100299
1	00001000000010000000100000001000000000000000111100001111359
73	0000100000001000000010000000100000000000299
2	0000100000001000000010000000100000000001000000000000000074
3	000010000000100000001000000010000000000100000000299
46	0000100000001000000010000000100000000001299
20	000010000000100000001000000010000000000165
3	000010000000100000001000000010000000001000000000299
1	000010000000100000001000000010000000001000000010299
6	0000100000001000000010000000100000000010299
4	0000100000001000000010000000100000000100000000000000010074
22	000010000000100000001000000010000000010000000000299
36	0000100000001000000010000000100000000100299
2	0000100000001000000010000000100000000101000000000000000074
18	0000100000001000000010000000100000000101299
17	000010000000100000001000000010000000010165
1	0000100000001000000010000000100000001000000000000000000074
4	0000100000001000000010000000100000001000000000000000100074
1	000010000000100000001000000010000000100000000000359
1	00001000000010000000100000001000000010000000100065
8	0000100000001000000010000000100000001000299
12	0000100000001000000010000000100000001010299
5	000010000000100000001000000010000000101065
1	0000100000001000000010000000100000001100299
1	0000100000001000000010000000100000001111000000000000111174
4	0000100000001000000010000000100000001111108
3	0000100000001000000010000000100000001111224
100	0000100000001000000010000000100000001111299
50	000010000000100000001000000010000000111165
1	00001000000010000000100000001000224
2024	00001000000010000000100000001000299
1509	00001000000010000000100000001000474
212	0000100000001000000010000000100065
1	000010000000100000001000224
1	000010000000100000001000299
4	000010000000100000001000334
3	000010000000100000001011299
19	00001000000010000000110165
2	000010000000100000001111224
10	000010000000100000001111299
202	000010000000100000001111334
8	00001000000010000000111165
12	0000100000001000266
116	0000100000001000338
157	0000100000001000612
3	0000100000001000642
9	000010000000100065
3	00001000000010010000011065
1	00001000000010010000110165
3	0000100000001011299
5	000010000000101165
64	0000100000001101338
1	000010000000110165
2	000010000000111100000000299
23	000010000000111100001111299
1	0000100000001111299
173	000010000000111165
2	00001000011000000110000001100000011000000000000065
18	0000100019
2	00001000224
203	00001000299
1	00001000338
13	00001000348
1	00001000359
848	00001000526
1	00001000554
1	00001000562
1	00001000571
1	00001000578
3	00001000580
91	000010006
93	00001000602
103	00001000612
82	0000100065
462	000010010000000000000000299
10	000010010000000000001011299
27	000010010000000000001111299
64	0000100100000000266
76	0000100100000000299
18	00001001000000006
20	000010010000000100000000299
2	000010010000000100000001000000010000000165
1	000010010000000100001111299
3	000010010000000165
1	000010010000001000000000299
1	000010010000010000000000299
2	00001001000001000000010000000100000001006
1	00001001000001006
2	0000100100001001000010010000100100000001224
86	0000100100001001000010010000100100000001299
93	0000100100001001000010010000100100000101299
71	0000100100001001000010010000100100001000299
2	000010010000100100001001000010010000100065
8	0000100100001001000010010000100100001001299
3	000010010000100100001001000010010000100165
1	0000100100001001000010010000100100001100299
104	0000100100001001000010010000100100001111299
2	000010010000100100001001000010010000111165
614	00001001000010010000100100001001299
37	0000100100001001000010010000100165
38	0000100100001001612
10	0000100100001011299
10	000010010000101165
1	0000100100001111299
6	0000100100001111338
1	00001001000011116
66	000010010000111165
41	00001001299
1	00001001526
4	000010016
38	00001001602
38	00001001612
88	000010100000000000000000299
1	000010100000000000001011299
2	000010100000000000001111299
2	0000101000000000266
18	0000101000000000299
1	000010100000001000000000299
3	000010100000001065
5	00001010000001000000010000000100000001006
3	00001010000010010000011065
2	00001010000010010000011165
4	00001010000010010000110165
1	00001010000010010000111165
5	000010100000101000000000299
1	000010100000101000001010000010100000000000000000299
2	000010100000101000001010000010100000001000000000299
3	0000101000001010000010100000101000000010299
11	000010100000101000001010000010100000010000000000299
1	000010100000101000001010000010100000010000001111299
48	0000101000001010000010100000101000001000299
6	000010100000101000001010000010100000100065
5	0000101000001010000010100000101000001010224
15	0000101000001010000010100000101000001010299
42	0000101000001010000010100000101000001111108
42	0000101000001010000010100000101000001111224
49	0000101000001010000010100000101000001111299
48	000010100000101000001010000010100000111165
187	00001010000010100000101000001010299
9	0000101000001010000010100000101065
8	0000101000001010612
1	0000101000001011299
1	000010100000101165
35	0000101000001101338
6	000010100000111100000000299
5	00001010000011116
5	000010100000111165
11	00001010299
1	00001010580
6	000010106
4	00001010602
5	00001010612
14	00001011000000000000000000000000000000000000000065
3	0000101100000000000000000000000000000000222
58	000010110000000000000000299
6	000010110000000000001111299
18	0000101100000000266
1	000010110000001000000000299
1	000010110000010000000000299
5	000010110000100000000000299
10	000010110000101100001011000010110000000000000000299
1	000010110000101100001011000010110000000000001111299
1	000010110000101100001011000010110000001000000011299
2	000010110000101100001011000010110000001000000111299
9	000010110000101100001011000010110000010000000000299
1	000010110000101100001011000010110000010100000111299
3	000010110000101100001011000010110000100000000000299
2	0000101100001011000010110000101100001010299
12	00001011000010110000101100001011224
37	00001011000010110000101100001011299
1	0000101100001011000010110000101165
19	0000101100001011612
20	0000101100001011642
12	000010110000111165
11	00001011011000000110000001100000011000000000000065
3	00001011011000000110000001100000011000000000100065
28	0000101119
61	00001011299
14	00001011348
19	00001011580
25	00001011602
44	00001011612
28	0000101165
2	0000110000000000000000000000000000000000222
291	000011000000000000000000299
11	000011000000000000001111299
3	0000110000000000266
51	0000110000000000299
10	000011000000000100000001000000010000000165
14	000011000000000100001111299
9	000011000000010000000000299
1	0000110000000100000001000000010000000100000001000000110165
2	0000110000000100000001000000010000000100000001000000111165
10	0000110000000100000001000000010000000100000011006
1	00001100000001000000010000000100000001006
14	000011000000010065
1	000011000000100000000000299
3	0000110000001100000011000000110000000000299
9	000011000000110000001100000011000000010000000000299
7	00001100000011000000110000001100000001000000000065
9	000011000000110000001100000011000000010000000100299
340	0000110000001100000011000000110000000100299
1	0000110000001100000011000000110000001000224
22	0000110000001100000011000000110000001000299
30	0000110000001100000011000000110000001100299
10	000011000000110000001100000011000000110065
23	0000110000001100000011000000110000001111299
352	00001100000011000000110000001100299
45	0000110000001100000011000000110065
26	0000110000001100612
1	0000110000001100642
1	000011000000111100001111299
9	0000110000001111299
1	00001100000011116
52	000011000000111165
49	00001100299
26	00001100602
26	00001100612
1	0000110100000000000000000000000000000000602
411	000011010000000000000000299
17	000011010000000000001111299
3	0000110100000000266
2	0000110100000000299
5	0000110100000000338
1	00001101000000006
3	000011010000000065
1	000011010000000100000000299
35	000011010000000100000001000000010000000165
1	000011010000001000000000299
1	000011010000010000000000299
34	0000110100000100000001000000010000000100000011016
1	00001101000001000000010000000100000001006
1	00001101000001006
11	000011010000010100000000299
36	000011010000010100000000338
4	000011010000011000000000299
1	000011010000100000000000299
1	000011010000100000000000338
2	000011010000100000000000556
1	0000110100001001338
3	000011010000110100000000299
2	00001101000011010000110100001101000000006
12	0000110100001101000011010000110100000101299
1	00001101000011010000110100001101000001016
6	0000110100001101000011010000110100000111299
3	000011010000110100001101000011010000011165
7	0000110100001101000011010000110100001000299
1	000011010000110100001101000011010000100065
103	0000110100001101000011010000110100001001299
34	000011010000110100001101000011010000100165
3	0000110100001101000011010000110100001100299
1	000011010000110100001101000011010000110065
1	0000110100001101000011010000110100001101108
1	0000110100001101000011010000110100001101224
4	0000110100001101000011010000110100001101299
1	000011010000110100001101000011010000110165
9	0000110100001101000011010000110100001111108
9	0000110100001101000011010000110100001111224
74	0000110100001101000011010000110100001111299
16	000011010000110100001101000011010000111165
2	00001101000011010000110100001101108
32	00001101000011010000110100001101224
364	00001101000011010000110100001101299
2	00001101000011010000110100001101474
82	0000110100001101000011010000110165
1	0000110100001101338
1	0000110100001101602
34	0000110100001101612
22	0000110100001101642
4	000011010000111100000000299
1	000011010000111100001111299
2	0000110100001111338
36	000011010000111165
45	00001101299
89	00001101338
2	00001101526
1	00001101567
8	00001101571
3	000011016
18	00001101602
19	00001101612
113	0000110165
36	000011100000000000000000299
13	0000111000000000266
3	000011100000000100000001000000010000000165
3	0000111000000100000001000000010000000100000011106
1	00001110000001000000010000000100000001006
1	000011100000101000000000299
1	0000111000001110000011100000111000001010224
12	0000111000001110000011100000111000001010299
3	000011100000111000001110000011100000101065
11	0000111000001110000011100000111000001111299
21	00001110000011100000111000001110299
6	0000111000001110000011100000111065
24	0000111000001110612
1	00001110000011116
13	00001110575
449	00001111000000000000000000000000000000000000000065
102	00001111000000000000000000000000000000000000010065
184	00001111000000000000000000000000000000000000111165
305	0000111100000000000000000000000000000000222
410	00001111000000000000000000000000000000006
22	0000111100000000000000000000000000000000602
21	000011110000000000000000000000000000000065
15536	000011110000000000000000299
10	000011110000000000000000328
20	000011110000000000001111299
2	000011110000000019
3993	0000111100000000266
455	0000111100000000299
7	0000111100000000338
1	0000111100000000359
5	00001111000000006
50	0000111100000000602
2	0000111100000000612
2	000011110000000065
284	000011110000000100000000299
48	00001111000000010000000100000001000000010000010165
3	0000111100000001000000010000000100000001000011116
53	000011110000000100000001000000010000000165
9	000011110000000100001111299
308	000011110000001000000000299
18	00001111000000100000001000000010000000100000101065
41	000011110000001100000000299
1	0000111100000011338
475	000011110000010000000000299
20	0000111100000100000001000000010000000100000001000000000065
10	0000111100000100000001000000010000000100000001000000000165
1	0000111100000100000001000000010000000100000001000000001065
41	0000111100000100000001000000010000000100000001000000010065
10	0000111100000100000001000000010000000100000001000000011065
21	0000111100000100000001000000010000000100000001000000011165
2	0000111100000100000001000000010000000100000001000000101165
27	0000111100000100000001000000010000000100000001000000111165
270	00001111000001000000010000000100000001000000010065
50	00001111000001000000010000000100000001000000010165
94	00001111000001000000010000000100000001000000111165
50	00001111000001000000010000000100000001006
1	0000111100000100000001000000010000000100602
91	000011110000010000000100000001000000010065
47	000011110000010000001111299
18	00001111000001006
5	000011110000010065
169	000011110000010100000000299
3	00001111000001010000010100000101000001010000110165
46	0000111100000101000001010000010100000101000011116
34	00001111000001010000010100000101000001010000111165
21	0000111100000101266
60	0000111100000101338
74	000011110000011000000000299
1	0000111100000110000001100000011000000110000011116
11	000011110000011100000000299
319	0000111100000111000001110000011100000111222
3	0000111100000111338
25	000011110000011165
290	000011110000100000000000299
2	000011110000100000000000338
2	000011110000100000000000556
39	000011110000100100000000299
3	0000111100001001338
27	000011110000101000000000299
6	0000111100001010000010100000101000001010000011116
10	0000111100001010338
6	000011110000101100000000299
40	000011110000110000000000299
1	00001111000011000000110000001100000011006
1	0000111100001100266
2	0000111100001100338
21	000011110000110100000000299
3	0000111100001101000011010000110100001101000011116
2	0000111100001101000011010000110100001101222
1	0000111100001101266
67	0000111100001101338
6	0000111100001110266
2	0000111100001110338
1967	000011110000111100000000299
50	000011110000111100000000555
1	0000111100001111000011110000100000001000299
196	0000111100001111000011110000111100000000000000000000000074
110	000011110000111100001111000011110000000000000000299
50	00001111000011110000111100001111000000000000000065
9	000011110000111100001111000011110000000000000011299
29	000011110000111100001111000011110000000000000100299
13	000011110000111100001111000011110000000000000111299
1	00001111000011110000111100001111000000000000011165
1	000011110000111100001111000011110000000000001011299
338	000011110000111100001111000011110000000000001111299
346	000011110000111100001111000011110000000019
718	0000111100001111000011110000111100000000299
54	00001111000011110000111100001111000000006
33	0000111100001111000011110000111100000001000000000000000074
2	000011110000111100001111000011110000000100000101299
412	000011110000111100001111000011110000000100000111299
151	000011110000111100001111000011110000000100001111299
1	0000111100001111000011110000111100000001108
84	000011110000111100001111000011110000000119
510	0000111100001111000011110000111100000001299
58	000011110000111100001111000011110000000165
7	0000111100001111000011110000111100000010000000000000000074
4	000011110000111100001111000011110000001000000000299
1	000011110000111100001111000011110000001000000010299
3	000011110000111100001111000011110000001000000111299
74	000011110000111100001111000011110000001000001111299
22	000011110000111100001111000011110000001019
433	0000111100001111000011110000111100000010299
71	000011110000111100001111000011110000001065
23	000011110000111100001111000011110000001100001111299
192	0000111100001111000011110000111100000011299
39	000011110000111100001111000011110000001165
19	0000111100001111000011110000111100000100000000000000000074
3	0000111100001111000011110000111100000100000000000000010074
110	000011110000111100001111000011110000010000000000299
4	00001111000011110000111100001111000001000000000065
1	000011110000111100001111000011110000010000000010299
5	000011110000111100001111000011110000010000000100299
96	000011110000111100001111000011110000010000000111299
177	000011110000111100001111000011110000010000001111299
92	000011110000111100001111000011110000010019
568	0000111100001111000011110000111100000100299
18	00001111000011110000111100001111000001006
55	000011110000111100001111000011110000010065
8	000011110000111100001111000011110000010100001111299
21	0000111100001111000011110000111100000101108
10	000011110000111100001111000011110000010119
135	0000111100001111000011110000111100000101299
71	000011110000111100001111000011110000010165
46	000011110000111100001111000011110000011000001111299
344	0000111100001111000011110000111100000110299
55	000011110000111100001111000011110000011065
1	000011110000111100001111000011110000011100000000299
2	000011110000111100001111000011110000011100001111299
15	0000111100001111000011110000111100000111299
4	000011110000111100001111000011110000011165
1	0000111100001111000011110000111100001000000000000000000074
3	000011110000111100001111000011110000100000000000299
89	000011110000111100001111000011110000100000001111299
1	0000111100001111000011110000111100001000108
12	000011110000111100001111000011110000100019
450	0000111100001111000011110000111100001000299
71	000011110000111100001111000011110000100065
27	000011110000111100001111000011110000100100001111299
242	0000111100001111000011110000111100001001299
38	000011110000111100001111000011110000100165
2	000011110000111100001111000011110000101000001111299
6	0000111100001111000011110000111100001010108
23	0000111100001111000011110000111100001010299
9	000011110000111100001111000011110000101065
17	000011110000111100001111000011110000110000001111299
187	0000111100001111000011110000111100001100299
39	000011110000111100001111000011110000110065
1	000011110000111100001111000011110000110100001111299
2	0000111100001111000011110000111100001101299
155	0000111100001111000011110000111100001111000000000000000074
152	0000111100001111000011110000111100001111000000000000111174
392	000011110000111100001111000011110000111100000000299
51	000011110000111100001111000011110000111100000000602
122	00001111000011110000111100001111000011110000000065
18	00001111000011110000111100001111000011110000010065
1	000011110000111100001111000011110000111100000101299
1	00001111000011110000111100001111000011110000111100001111359
245	000011110000111100001111000011110000111100001111299
78	0000111100001111000011110000111100001111000011116
311	00001111000011110000111100001111000011110000111165
267	0000111100001111000011110000111100001111108
62	000011110000111100001111000011110000111119
180	0000111100001111000011110000111100001111222
217	0000111100001111000011110000111100001111224
4281	0000111100001111000011110000111100001111299
376	00001111000011110000111100001111000011116
651	000011110000111100001111000011110000111165
752	00001111000011110000111100001111108
208	00001111000011110000111100001111224
16635	00001111000011110000111100001111299
878	00001111000011110000111100001111474
140	00001111000011110000111100001111554
2236	0000111100001111000011110000111165
24	000011110000111100001111299
60	0000111100001111000011116
123	0000111100001111266
50	0000111100001111299
1429	0000111100001111338
12	0000111100001111532
397	00001111000011116
130	0000111100001111602
4815	0000111100001111612
1078	0000111100001111642
1204	000011110000111165
286	00001111011000000110000001100000011000000000000065
66	00001111011000000110000001100000011000000000000165
12	00001111011000000110000001100000011000000000001065
74	00001111011000000110000001100000011000000000010065
6	00001111011000000110000001100000011000000000010165
10	00001111011000000110000001100000011000000000100065
66	00001111011000000110000001100000011000000000111165
1	000011110110011165
1	00001111011011116
2	00001111108
1440	0000111119
64	00001111224
4959	00001111299
217	00001111334
645	00001111338
545	00001111348
24	00001111359
970	00001111526
153	00001111554
289	00001111562
76	00001111567
93	00001111571
276	00001111575
184	00001111578
1213	00001111580
2219	000011116
1487	00001111602
3135	00001111612
2411	0000111165
1	000100000000100000000000299
1	000100000001000000010000000100000000000000000000299
21	0001000000010000000100000001000000000000299
20	0001000000010000612
5	0001000065
6	000110000000000000000000299
2	0001100000011000000110000001100000001000299
7	00011000000110000001100000011000299
2	00011000526
2	001000000010000001000000010000000000000000000000299
1	0010000000100000010000000100000000000000299
120	0110000000000000000000000000000000000000602
263	011000000000000000000000299
1	0110000000000000266
1	01100000000000006
1	0110000000000000639
124	011000000000000065
1	0110000001100000011000000110000000000000011000006
123	0110000001100000011000000110000000000000299
1	011000000110000001100000011000000000000100000001299
1	0110000001100000011000000110000000000010299
1	011000000110000001100000011000000000100000001000299
1	011000000110000001100000011000000110000019
1	01100000011000000110000001100000011000006
129	01100000011000000110000001100000299
1	011000000110000019
1	01100000011000006
7	0110000001100000612
2	0110000001100000642
1	011000000110000065
119	0110000019
1	01100000224
124	01100000299
1	01100000334
6	01100000338
121	01100000359
1	01100000575
1	01100000578
3	011000006
1	0110000060
1	01100000602
11	0110000065
1	01100001011000000110000001100000011000000000010165
1	0110000119
1	0110000165
1	011000100000000000000000299
1	011000100000001000000000299
1	0110001000000010000000100000001000000010602
1	011000100000001065
1	0110001001100010011000100110001000000011299
1	01100010011000100110001001100010299
1	0110001019
1	01100010299
1	01100010359
7	0110001100000000000000000000000000000000602
9	011000110000000000000000299
7	011000110000000065
2	0110001100000010000000100000001000000010602
2	011000110000001065
9	011000110000001100000000299
8	0110001101100011011000110110001100000011299
1	0110001101100011011000110110001100000111299
9	01100011011000110110001101100011299
9	0110001119
9	01100011299
9	01100011359
39	0110011100000000000000000000000000000000602
40	011001110000000000000000299
39	011001110000000065
1	0110011100000100000001000000010000000100602
1	011001110000010065
40	011001110000011100000000299
10	01100111011000000110000001100000011000000000000065
1	01100111011000000110000001100000011000000000001065
10	01100111011000000110000001100000011000000000010065
10	011001110110011101100111011001110000000100000111299
1	011001110110011101100111011001110000001000000111299
10	011001110110011101100111011001110000010000000111299
40	0110011101100111011001110110011100000111299
1	011001110110011101100111011001110000100000001111299
1	0110011101100111011001110110011100001111299
40	01100111011001110110011101100111299
62	0110011119
40	01100111299
40	01100111359
21	0110011165
1	01101000011000000110000001100000011000000000000065
1	0110100019
1	0110100065
56	0110111100000000000000000000000000000000602
56	011011110000000000000000299
56	011011110000000065
56	011011110000111100000000299
26	01101111011000000110000001100000011000000000000065
15	01101111011000000110000001100000011000000000000165
3	01101111011000000110000001100000011000000000001065
5	01101111011000000110000001100000011000000000010065
1	01101111011000000110000001100000011000000000010165
21	011011110110111101101111011011110000000100001111299
3	011011110110111101101111011011110000001000001111299
21	011011110110111101101111011011110000010000001111299
1	011011110110111101101111011011110000010100001111299
3	011011110110111101101111011011110000100000001111299
56	0110111101101111011011110110111100001111299
56	01101111011011110110111101101111299
107	0110111119
56	01101111299
56	01101111359
50	0110111165
9	100000000000000000000000299
1	100000000000000065
4	100000001000000010000000100000000000000065
15	10000000100000001000000010000000299
2	1000000010000000612
2	10000000526
116	109
3967	299
108	30
139	43
1	474
25	526
1	539
68	639
9	65
1781	74
8	79
